PLINK v1.90b6.21 64-bit (19 Oct 2020)
Options in effect:
  --bfile HapMap_3_r3_7
  --maf 0.05
  --make-bed
  --out HapMap_3_r3_8

Hostname: francesco-ThinkPad-T470
Working directory: /home/francesco/Dropbox/Corsi/Antropologia_Molecolare_e_genetica_delle_dipendenzeII/Esercitazioni/L3_2022/1_QC_GWAS
Start time: Sun May 22 10:53:12 2022

Random number seed: 1653209592
15655 MB RAM detected; reserving 7827 MB for main workspace.
1398544 variants loaded from .bim file.
165 people (81 males, 84 females) loaded from .fam.
112 phenotype values loaded from .fam.
Using 1 thread (no multithreaded calculations invoked).
Before main variant filters, 112 founders and 53 nonfounders present.
Calculating allele frequencies... done.
Total genotyping rate is 0.99806.
325318 variants removed due to minor allele threshold(s)
(--maf/--max-maf/--mac/--max-mac).
1073226 variants and 165 people pass filters and QC.
Among remaining phenotypes, 56 are cases and 56 are controls.  (53 phenotypes
are missing.)
--make-bed to HapMap_3_r3_8.bed + HapMap_3_r3_8.bim + HapMap_3_r3_8.fam ...
done.

End time: Sun May 22 10:53:13 2022
