PLINK v1.90b6.21 64-bit (19 Oct 2020)
Options in effect:
  --bfile HapMap_3_r3_8
  --hwe 1e-6
  --make-bed
  --out HapMap_hwe_filter_step1

Hostname: francesco-ThinkPad-T470
Working directory: /home/francesco/Dropbox/Corsi/Antropologia_Molecolare_e_genetica_delle_dipendenzeII/Esercitazioni/L3_2022/1_QC_GWAS
Start time: Sun May 22 10:58:33 2022

Random number seed: 1653209913
15655 MB RAM detected; reserving 7827 MB for main workspace.
1073226 variants loaded from .bim file.
165 people (81 males, 84 females) loaded from .fam.
112 phenotype values loaded from .fam.
Using 1 thread (no multithreaded calculations invoked).
Before main variant filters, 112 founders and 53 nonfounders present.
Calculating allele frequencies... done.
Total genotyping rate is 0.998047.
--hwe: 0 variants removed due to Hardy-Weinberg exact test.
1073226 variants and 165 people pass filters and QC.
Among remaining phenotypes, 56 are cases and 56 are controls.  (53 phenotypes
are missing.)
--make-bed to HapMap_hwe_filter_step1.bed + HapMap_hwe_filter_step1.bim +
HapMap_hwe_filter_step1.fam ... done.

End time: Sun May 22 10:58:34 2022
