PLINK v1.90b6.21 64-bit (19 Oct 2020)
Options in effect:
  --bfile HapMap_3_r3_10
  --extract indepSNP.prune.in
  --genome
  --min 0.2
  --out pihat_min0.2

Hostname: francesco-ThinkPad-T470
Working directory: /home/francesco/Dropbox/Corsi/Antropologia_Molecolare_e_genetica_delle_dipendenzeII/Esercitazioni/L3_2022/1_QC_GWAS
Start time: Sun May 22 11:11:48 2022

Random number seed: 1653210708
15655 MB RAM detected; reserving 7827 MB for main workspace.
1073226 variants loaded from .bim file.
163 people (79 males, 84 females) loaded from .fam.
110 phenotype values loaded from .fam.
--extract: 104144 variants remaining.
Using up to 4 threads (change this with --threads).
Before main variant filters, 110 founders and 53 nonfounders present.
Calculating allele frequencies... done.
Total genotyping rate is 0.998051.
104144 variants and 163 people pass filters and QC.
Among remaining phenotypes, 55 are cases and 55 are controls.  (53 phenotypes
are missing.)
IBD calculations complete.
Finished writing pihat_min0.2.genome .

End time: Sun May 22 11:11:49 2022
